0 info it worked if it ends with ok
1 verbose cli [ '/home/ubuntu/.nvm/versions/node/v4.1.1/bin/node',
1 verbose cli   '/home/ubuntu/.nvm/versions/node/v4.1.1/bin/npm',
1 verbose cli   'install',
1 verbose cli   '--save',
1 verbose cli   'holder.js' ]
2 info using npm@2.14.4
3 info using node@v4.1.1
4 verbose install initial load of /home/ubuntu/workspace/package.json
5 verbose installManyTop reading scoped package data from /home/ubuntu/workspace/node_modules/holder/package.json
6 verbose readDependencies loading dependencies from /home/ubuntu/workspace/package.json
7 silly cache add args [ 'holder.js', null ]
8 verbose cache add spec holder.js
9 silly cache add parsed spec Result {
9 silly cache add   raw: 'holder.js',
9 silly cache add   scope: null,
9 silly cache add   name: 'holder.js',
9 silly cache add   rawSpec: '',
9 silly cache add   spec: '*',
9 silly cache add   type: 'range' }
10 silly addNamed holder.js@*
11 verbose addNamed "*" is a valid semver range for holder.js
12 silly addNameRange { name: 'holder.js', range: '*', hasData: false }
13 silly mapToRegistry name holder.js
14 silly mapToRegistry using default registry
15 silly mapToRegistry registry https://registry.npmjs.org/
16 silly mapToRegistry uri https://registry.npmjs.org/holder.js
17 verbose addNameRange registry:https://registry.npmjs.org/holder.js not in flight; fetching
18 verbose request uri https://registry.npmjs.org/holder.js
19 verbose request no auth needed
20 info attempt registry request try #1 at 2:43:25 PM
21 verbose request id 59054be244afacee
22 http request GET https://registry.npmjs.org/holder.js
23 http 404 https://registry.npmjs.org/holder.js
24 verbose headers { 'content-type': 'application/json',
24 verbose headers   'cache-control': 'max-age=0',
24 verbose headers   'content-length': '2',
24 verbose headers   'accept-ranges': 'bytes',
24 verbose headers   date: 'Wed, 30 Mar 2016 14:43:25 GMT',
24 verbose headers   via: '1.1 varnish',
24 verbose headers   age: '0',
24 verbose headers   connection: 'keep-alive',
24 verbose headers   'x-served-by': 'cache-fra1248-FRA',
24 verbose headers   'x-cache': 'MISS',
24 verbose headers   'x-cache-hits': '0',
24 verbose headers   'x-timer': 'S1459349005.230190,VS0,VE731' }
25 silly get cb [ 404,
25 silly get   { 'content-type': 'application/json',
25 silly get     'cache-control': 'max-age=0',
25 silly get     'content-length': '2',
25 silly get     'accept-ranges': 'bytes',
25 silly get     date: 'Wed, 30 Mar 2016 14:43:25 GMT',
25 silly get     via: '1.1 varnish',
25 silly get     age: '0',
25 silly get     connection: 'keep-alive',
25 silly get     'x-served-by': 'cache-fra1248-FRA',
25 silly get     'x-cache': 'MISS',
25 silly get     'x-cache-hits': '0',
25 silly get     'x-timer': 'S1459349005.230190,VS0,VE731' } ]
26 verbose stack Error: Registry returned 404 for GET on https://registry.npmjs.org/holder.js
26 verbose stack     at makeError (/home/ubuntu/.nvm/versions/node/v4.1.1/lib/node_modules/npm/node_modules/npm-registry-client/lib/request.js:263:12)
26 verbose stack     at CachingRegistryClient.<anonymous> (/home/ubuntu/.nvm/versions/node/v4.1.1/lib/node_modules/npm/node_modules/npm-registry-client/lib/request.js:241:14)
26 verbose stack     at Request._callback (/home/ubuntu/.nvm/versions/node/v4.1.1/lib/node_modules/npm/node_modules/npm-registry-client/lib/request.js:171:14)
26 verbose stack     at Request.self.callback (/home/ubuntu/.nvm/versions/node/v4.1.1/lib/node_modules/npm/node_modules/request/request.js:198:22)
26 verbose stack     at emitTwo (events.js:87:13)
26 verbose stack     at Request.emit (events.js:172:7)
26 verbose stack     at Request.<anonymous> (/home/ubuntu/.nvm/versions/node/v4.1.1/lib/node_modules/npm/node_modules/request/request.js:1073:14)
26 verbose stack     at emitOne (events.js:82:20)
26 verbose stack     at Request.emit (events.js:169:7)
26 verbose stack     at IncomingMessage.<anonymous> (/home/ubuntu/.nvm/versions/node/v4.1.1/lib/node_modules/npm/node_modules/request/request.js:1019:12)
27 verbose statusCode 404
28 verbose pkgid holder.js
29 verbose cwd /home/ubuntu/workspace
30 error Linux 4.2.0-c9
31 error argv "/home/ubuntu/.nvm/versions/node/v4.1.1/bin/node" "/home/ubuntu/.nvm/versions/node/v4.1.1/bin/npm" "install" "--save" "holder.js"
32 error node v4.1.1
33 error npm  v2.14.4
34 error code E404
35 error 404 Registry returned 404 for GET on https://registry.npmjs.org/holder.js
35 error 404
35 error 404 'holder.js' is not in the npm registry.
35 error 404 You should bug the author to publish it (or use the name yourself!)
35 error 404
35 error 404 Note that you can also install from a
35 error 404 tarball, folder, http url, or git url.
36 verbose exit [ 1, true ]
